[6788,
 6878,
 6887,
 7688,
 7868,
 7886,
 8678,
 8687,
 8768,
 8786,
 8867,
 8876,
 16788,
 16878,
 16887,
 17688,
 17868,
 17886,
 18678,
 18687,
 18768,
 18786,
 18867,
 18876,
 23788,
 23878,
 23887,
 24678,
 24687,
 24768,
 24786,
 24867,
 24876,
 26478,
 26487,
 26748,
 26784,
 26847,
 26874,
 27388,
 27468,
 27486,
 27648,
 27684,
 27838,
 27846,
 27864,
 27883,
 28378,
 28387,
 28467,
 28476,
 28647,
 28674,
 28738,
 28746,
 28764,
 28783,
 28837,
 28873,
 32788,
 32878,
 32887,
 34478,
 34487,
 34748,
 34784,
 34847,
 34874,
 37288,
 37448,
 37484,
 37828,
 37844,
 37882,
 38278,
 38287,
 38447,
 38474,
 38728,
 38744,
 38782,
 38827,
 38872,
 42678,
 42687,
 42768,
 42786,
 42867,
 42876,
 43478,
 43487,
 43748,
 43784,
 43847,
 43874,
 44378,
 44387,
 44467,
 44476,
 44647,
 44674,
 44738,
 44746,
 44764,
 44783,
 44837,
 44873,
 46278,
 46287,
 46447,
 46474,
 46728,
 46744,
 46782,
 46827,
 46872,
 47268,
 47286,
 47348,
 47384,
 47438,
 47446,
 47464,
 47483,
 47628,
 47644,
 47682,
 47826,
 47834,
 47843,
 47862,
 48267,
 48276,
 48347,
 48374,
 48437,
 48473,
 48627,
 48672,
 48726,
 48734,
 48743,
 48762,
 49999,
 61788,
 61878,
 61887,
 62478,
 62487,
 62748,
 62784,
 62847,
 62874,
 64278,
 64287,
 64447,
 64474,
 64728,
 64744,
 64782,
 64827,
 64872,
 66999,
 67188,
 67248,
 67284,
 67428,
 67444,
 67482,
 67788,
 67818,
 67824,
 67842,
 67878,
 67881,
 67887,
 68178,
 68187,
 68247,
 68274,
 68427,
 68472,
 68718,
 68724,
 68742,
 68778,
 68781,
 68787,
 68817,
 68871,
 68877,
 69699,
 69969,
 69996,
 71688,
 71868,
 71886,
 72388,
 72468,
 72486,
 72648,
 72684,
 72838,
 72846,
 72864,
 72883,
 73288,
 73448,
 73484,
 73828,
 73844,
 73882,
 74268,
 74286,
 74348,
 74384,
 74438,
 74446,
 74464,
 74483,
 74628,
 74644,
 74682,
 74826,
 74834,
 74843,
 74862,
 76188,
 76248,
 76284,
 76428,
 76444,
 76482,
 76788,
 76818,
 76824,
 76842,
 76878,
 76881,
 76887,
 77688,
 77868,
 77886,
 78168,
 78186,
 78238,
 78246,
 78264,
 78283,
 78328,
 78344,
 78382,
 78426,
 78434,
 78443,
 78462,
 78618,
 78624,
 78642,
 78678,
 78681,
 78687,
 78768,
 78786,
 78816,
 78823,
 78832,
 78861,
 78867,
 78876,
 81678,
 81687,
 81768,
 81786,
 81867,
 81876,
 82378,
 82387,
 82467,
 82476,
 82647,
 82674,
 82738,
 82746,
 82764,
 82783,
 82837,
 82873,
 83278,
 83287,
 83447,
 83474,
 83728,
 83744,
 83782,
 83827,
 83872,
 84267,
 84276,
 84347,
 84374,
 84437,
 84473,
 84627,
 84672,
 84726,
 84734,
 84743,
 84762,
 86178,
 86187,
 86247,
 86274,
 86427,
 86472,
 86718,
 86724,
 86742,
 86778,
 86781,
 86787,
 86817,
 86871,
 86877,
 87168,
 87186,
 87238,
 87246,
 87264,
 87283,
 87328,
 87344,
 87382,
 87426,
 87434,
 87443,
 87462,
 87618,
 87624,
 87642,
 87678,
 87681,
 87687,
 87768,
 87786,
 87816,
 87823,
 87832,
 87861,
 87867,
 87876,
 88167,
 88176,
 88237,
 88273,
 88327,
 88372,
 88617,
 88671,
 88677,
 88716,
 88723,
 88732,
 88761,
 88767,
 88776,
 94999,
 96699,
 96969,
 96996,
 99499,
 99669,
 99696,
 99949,
 99966,
 99994,
 116788,
 116878,
 116887,
 117688,
 117868,
 117886,
 118678,
 118687,
 118768,
 118786,
 118867,
 118876,
 123788,
 123878,
 123887,
 124678,
 124687,
 124768,
 124786,
 124867,
 124876,
 126478,
 126487,
 126748,
 126784,
 126847,
 126874,
 127388,
 127468,
 127486,
 127648,
 127684,
 127838,
 127846,
 127864,
 127883,
 128378,
 128387,
 128467,
 128476,
 128647,
 128674,
 128738,
 128746,
 128764,
 128783,
 128837,
 128873,
 132788,
 132878,
 132887,
 134478,
 134487,
 134748,
 134784,
 134847,
 134874,
 137288,
 137448,
 137484,
 137828,
 137844,
 137882,
 138278,
 138287,
 138447,
 138474,
 138728,
 138744,
 138782,
 138827,
 138872,
 142678,
 142687,
 142768,
 142786,
 142867,
 142876,
 143478,
 143487,
 143748,
 143784,
 143847,
 143874,
 144378,
 144387,
 144467,
 144476,
 144647,
 144674,
 144738,
 144746,
 144764,
 144783,
 144837,
 144873,
 146278,
 146287,
 146447,
 146474,
 146728,
 146744,
 146782,
 146827,
 146872,
 147268,
 147286,
 147348,
 147384,
 147438,
 147446,
 147464,
 147483,
 147628,
 147644,
 147682,
 147826,
 147834,
 147843,
 147862,
 148267,
 148276,
 148347,
 148374,
 148437,
 148473,
 148627,
 148672,
 148726,
 148734,
 148743,
 148762,
 149999,
 161788,
 161878,
 161887,
 162478,
 162487,
 162748,
 162784,
 162847,
 162874,
 164278,
 164287,
 164447,
 164474,
 164728,
 164744,
 164782,
 164827,
 164872,
 166999,
 167188,
 167248,
 167284,
 167428,
 167444,
 167482,
 167788,
 167818,
 167824,
 167842,
 167878,
 167881,
 167887,
 168178,
 168187,
 168247,
 168274,
 168427,
 168472,
 168718,
 168724,
 168742,
 168778,
 168781,
 168787,
 168817,
 168871,
 168877,
 169699,
 169969,
 169996,
 171688,
 171868,
 171886,
 172388,
 172468,
 172486,
 172648,
 172684,
 172838,
 172846,
 172864,
 172883,
 173288,
 173448,
 173484,
 173828,
 173844,
 173882,
 174268,
 174286,
 174348,
 174384,
 174438,
 174446,
 174464,
 174483,
 174628,
 174644,
 174682,
 174826,
 174834,
 174843,
 174862,
 176188,
 176248,
 176284,
 176428,
 176444,
 176482,
 176788,
 176818,
 176824,
 176842,
 176878,
 176881,
 176887,
 177688,
 177868,
 177886,
 178168,
 178186,
 178238,
 178246,
 178264,
 178283,
 178328,
 178344,
 178382,
 178426,
 178434,
 178443,
 178462,
 178618,
 178624,
 178642,
 178678,
 178681,
 178687,
 178768,
 178786,
 178816,
 178823,
 178832,
 178861,
 178867,
 178876,
 181678,
 181687,
 181768,
 181786,
 181867,
 181876,
 182378,
 182387,
 182467,
 182476,
 182647,
 182674,
 182738,
 182746,
 182764,
 182783,
 182837,
 182873,
 183278,
 183287,
 183447,
 183474,
 183728,
 183744,
 183782,
 183827,
 183872,
 184267,
 184276,
 184347,
 184374,
 184437,
 184473,
 184627,
 184672,
 184726,
 184734,
 184743,
 184762,
 186178,
 186187,
 186247,
 186274,
 186427,
 186472,
 186718,
 186724,
 186742,
 186778,
 186781,
 186787,
 186817,
 186871,
 186877,
 187168,
 187186,
 187238,
 187246,
 187264,
 187283,
 187328,
 187344,
 187382,
 187426,
 187434,
 187443,
 187462,
 187618,
 187624,
 187642,
 187678,
 187681,
 187687,
 187768,
 187786,
 187816,
 187823,
 187832,
 187861,
 187867,
 187876,
 188167,
 188176,
 188237,
 188273,
 188327,
 188372,
 188617,
 188671,
 188677,
 188716,
 188723,
 188732,
 188761,
 188767,
 188776,
 194999,
 196699,
 196969,
 196996,
 199499,
 199669,
 199696,
 199949,
 199966,
 199994,
 213788,
 213878,
 213887,
 214678,
 214687,
 214768,
 214786,
 214867,
 214876,
 216478,
 216487,
 216748,
 216784,
 216847,
 216874,
 217388,
 217468,
 217486,
 217648,
 217684,
 217838,
 217846,
 217864,
 217883,
 218378,
 218387,
 218467,
 218476,
 218647,
 218674,
 218738,
 218746,
 218764,
 218783,
 218837,
 218873,
 222678,
 222687,
 222768,
 222786,
 222867,
 222876,
 223478,
 223487,
 223748,
 223784,
 223847,
 223874,
 224378,
 224387,
 224467,
 224476,
 224647,
 224674,
 224738,
 224746,
 224764,
 224783,
 224837,
 224873,
 226278,
 226287,
 226447,
 226474,
 226728,
 226744,
 226782,
 226827,
 226872,
 227268,
 227286,
 227348,
 227384,
 227438,
 227446,
 227464,
 227483,
 227628,
 227644,
 227682,
 227826,
 227834,
 227843,
 227862,
 228267,
 228276,
 228347,
 228374,
 228437,
 228473,
 228627,
 228672,
 228726,
 228734,
 228743,
 228762,
 229999,
 231788,
 231878,
 231887,
 232478,
 232487,
 232748,
 232784,
 232847,
 232874,
 234278,
 234287,
 234447,
 234474,
 234728,
 234744,
 234782,
 234827,
 234872,
 236999,
 237188,
 237248,
 237284,
 237428,
 237444,
 237482,
 237788,
 237818,
 237824,
 237842,
 237878,
 237881,
 237887,
 238178,
 238187,
 238247,
 238274,
 238427,
 238472,
 238718,
 238724,
 238742,
 238778,
 238781,
 238787,
 238817,
 238871,
 238877,
 239699,
 239969,
 239996,
 241678,
 241687,
 241768,
 241786,
 241867,
 241876,
 242378,
 242387,
 242467,
 242476,
 242647,
 242674,
 242738,
 242746,
 242764,
 242783,
 242837,
 242873,
 243278,
 243287,
 243447,
 243474,
 243728,
 243744,
 243782,
 243827,
 243872,
 244267,
 244276,
 244347,
 244374,
 244437,
 244473,
 244627,
 244672,
 244726,
 244734,
 244743,
 244762,
 246178,
 246187,
 246247,
 246274,
 246427,
 246472,
 246718,
 246724,
 246742,
 246778,
 246781,
 246787,
 246817,
 246871,
 246877,
 247168,
 247186,
 247238,
 247246,
 247264,
 247283,
 247328,
 247344,
 247382,
 247426,
 247434,
 247443,
 247462,
 247618,
 247624,
 247642,
 247678,
 247681,
 247687,
 247768,
 247786,
 247816,
 247823,
 247832,
 247861,
 247867,
 247876,
 248167,
 248176,
 248237,
 248273,
 248327,
 248372,
 248617,
 248671,
 248677,
 248716,
 248723,
 248732,
 248761,
 248767,
 248776,
 261478,
 261487,
 261748,
 261784,
 261847,
 261874,
 262278,
 262287,
 262447,
 262474,
 262728,
 262744,
 262782,
 262827,
 262872,
 263999,
 264178,
 264187,
 264247,
 264274,
 264427,
 264472,
 264718,
 264724,
 264742,
 264778,
 264781,
 264787,
 264817,
 264871,
 264877,
 267148,
 267184,
 267228,
 267244,
 267282,
 267418,
 267424,
 267442,
 267478,
 267481,
 267487,
 267748,
 267784,
 267814,
 267822,
 267841,
 267847,
 267874,
 268147,
 268174,
 268227,
 268272,
 268417,
 268471,
 268477,
 268714,
 268722,
 268741,
 268747,
 268774,
 269399,
 269939,
 269993,
 271388,
 271468,
 271486,
 271648,
 271684,
 271838,
 271846,
 271864,
 271883,
 272268,
 272286,
 272348,
 272384,
 272438,
 272446,
 272464,
 272483,
 272628,
 272644,
 272682,
 272826,
 272834,
 272843,
 272862,
 273188,
 273248,
 273284,
 273428,
 273444,
 273482,
 273788,
 273818,
 273824,
 273842,
 273878,
 273881,
 273887,
 274168,
 274186,
 274238,
 274246,
 274264,
 274283,
 274328,
 274344,
 274382,
 274426,
 274434,
 274443,
 274462,
 274618,
 274624,
 274642,
 274678,
 274681,
 274687,
 274768,
 274786,
 274816,
 274823,
 274832,
 274861,
 274867,
 274876,
 276148,
 276184,
 276228,
 276244,
 276282,
 276418,
 276424,
 276442,
 276478,
 276481,
 276487,
 276748,
 276784,
 276814,
 276822,
 276841,
 276847,
 276874,
 277388,
 277468,
 277486,
 277648,
 277684,
 277838,
 277846,
 277864,
 277883,
 278138,
 278146,
 278164,
 278183,
 278226,
 278234,
 278243,
 278262,
 278318,
 278324,
 278342,
 278378,
 278381,
 278387,
 278416,
 278423,
 278432,
 278461,
 278467,
 278476,
 278614,
 278622,
 278641,
 278647,
 278674,
 278738,
 278746,
 278764,
 278783,
 278813,
 278831,
 278837,
 278873,
 281378,
 281387,
 281467,
 281476,
 281647,
 281674,
 281738,
 281746,
 281764,
 281783,
 281837,
 281873,
 282267,
 282276,
 282347,
 282374,
 282437,
 282473,
 282627,
 282672,
 282726,
 282734,
 282743,
 282762,
 283178,
 283187,
 283247,
 283274,
 283427,
 283472,
 283718,
 283724,
 283742,
 283778,
 283781,
 283787,
 283817,
 283871,
 283877,
 284167,
 284176,
 284237,
 284273,
 284327,
 284372,
 284617,
 284671,
 284677,
 284716,
 284723,
 284732,
 284761,
 284767,
 284776,
 286147,
 286174,
 286227,
 286272,
 286417,
 286471,
 286477,
 286714,
 286722,
 286741,
 286747,
 286774,
 287138,
 287146,
 287164,
 287183,
 287226,
 287234,
 287243,
 287262,
 287318,
 287324,
 287342,
 287378,
 287381,
 287387,
 287416,
 287423,
 287432,
 287461,
 287467,
 287476,
 287614,
 287622,
 287641,
 287647,
 287674,
 287738,
 287746,
 287764,
 287783,
 287813,
 287831,
 287837,
 287873,
 288137,
 288173,
 288317,
 288371,
 288377,
 288713,
 288731,
 288737,
 288773,
 292999,
 293699,
 293969,
 293996,
 296399,
 296939,
 296993,
 299299,
 299369,
 299396,
 299639,
 299693,
 299929,
 299936,
 299963,
 299992,
 312788,
 312878,
 312887,
 314478,
 314487,
 314748,
 314784,
 314847,
 314874,
 317288,
 317448,
 317484,
 317828,
 317844,
 317882,
 318278,
 318287,
 318447,
 318474,
 318728,
 318744,
 318782,
 318827,
 318872,
 321788,
 321878,
 321887,
 322478,
 322487,
 322748,
 322784,
 322847,
 322874,
 324278,
 324287,
 324447,
 324474,
 324728,
 324744,
 324782,
 324827,
 324872,
 326999,
 327188,
 327248,
 327284,
 327428,
 327444,
 327482,
 327788,
 327818,
 327824,
 327842,
 327878,
 327881,
 327887,
 328178,
 328187,
 328247,
 328274,
 328427,
 328472,
 328718,
 328724,
 328742,
 328778,
 328781,
 328787,
 328817,
 328871,
 328877,
 329699,
 329969,
 329996,
 334999,
 336699,
 336969,
 336996,
 339499,
 339669,
 339696,
 339949,
 339966,
 339994,
 341478,
 341487,
 341748,
 341784,
 341847,
 341874,
 342278,
 342287,
 342447,
 342474,
 342728,
 342744,
 342782,
 342827,
 342872,
 343999,
 344178,
 344187,
 344247,
 344274,
 344427,
 344472,
 344718,
 344724,
 344742,
 344778,
 344781,
 344787,
 344817,
 344871,
 344877,
 347148,
 347184,
 347228,
 347244,
 347282,
 347418,
 347424,
 347442,
 347478,
 347481,
 347487,
 347748,
 347784,
 347814,
 347822,
 347841,
 347847,
 347874,
 348147,
 348174,
 348227,
 348272,
 348417,
 348471,
 348477,
 348714,
 348722,
 348741,
 348747,
 348774,
 349399,
 349939,
 349993,
 362999,
 363699,
 363969,
 363996,
 366399,
 366939,
 366993,
 369299,
 369369,
 369396,
 369639,
 369693,
 369929,
 369936,
 369963,
 369992,
 371288,
 371448,
 371484,
 371828,
 371844,
 371882,
 372188,
 372248,
 372284,
 372428,
 372444,
 372482,
 372788,
 372818,
 372824,
 372842,
 372878,
 372881,
 372887,
 374148,
 374184,
 374228,
 374244,
 374282,
 374418,
 374424,
 374442,
 374478,
 374481,
 374487,
 374748,
 374784,
 374814,
 374822,
 374841,
 374847,
 374874,
 377288,
 377448,
 377484,
 377828,
 377844,
 377882,
 378128,
 378144,
 378182,
 378218,
 378224,
 378242,
 378278,
 378281,
 378287,
 378414,
 378422,
 378441,
 378447,
 378474,
 378728,
 378744,
 378782,
 378812,
 378821,
 378827,
 378872,
 381278,
 381287,
 381447,
 381474,
 381728,
 381744,
 381782,
 381827,
 381872,
 382178,
 382187,
 382247,
 382274,
 382427,
 382472,
 382718,
 382724,
 382742,
 382778,
 382781,
 382787,
 382817,
 382871,
 382877,
 384147,
 384174,
 384227,
 384272,
 384417,
 384471,
 384477,
 384714,
 384722,
 384741,
 384747,
 384774,
 387128,
 387144,
 387182,
 387218,
 387224,
 387242,
 387278,
 387281,
 387287,
 387414,
 387422,
 387441,
 387447,
 387474,
 387728,
 387744,
 387782,
 387812,
 387821,
 387827,
 387872,
 388127,
 388172,
 388217,
 388271,
 388277,
 388712,
 388721,
 388727,
 388772,
 392699,
 392969,
 392996,
 393499,
 393669,
 393696,
 393949,
 393966,
 393994,
 394399,
 394939,
 394993,
 396299,
 396369,
 396396,
 396639,
 396693,
 396929,
 396936,
 396963,
 396992,
 399269,
 399296,
 399349,
 399366,
 399394,
 399439,
 399493,
 399629,
 399636,
 399663,
 399692,
 399926,
 399934,
 399943,
 399962,
 412678,
 412687,
 412768,
 412786,
 412867,
 412876,
 413478,
 413487,
 413748,
 413784,
 413847,
 413874,
 414378,
 414387,
 414467,
 414476,
 414647,
 414674,
 414738,
 414746,
 414764,
 414783,
 414837,
 414873,
 416278,
 416287,
 416447,
 416474,
 416728,
 416744,
 416782,
 416827,
 416872,
 417268,
 417286,
 417348,
 417384,
 417438,
 417446,
 417464,
 417483,
 417628,
 417644,
 417682,
 417826,
 417834,
 417843,
 417862,
 418267,
 418276,
 418347,
 418374,
 418437,
 418473,
 418627,
 418672,
 418726,
 418734,
 418743,
 418762,
 419999,
 421678,
 421687,
 421768,
 421786,
 421867,
 421876,
 422378,
 422387,
 422467,
 422476,
 422647,
 422674,
 422738,
 422746,
 422764,
 422783,
 422837,
 422873,
 423278,
 423287,
 423447,
 423474,
 423728,
 423744,
 423782,
 423827,
 423872,
 424267,
 424276,
 424347,
 424374,
 424437,
 424473,
 424627,
 424672,
 424726,
 424734,
 424743,
 424762,
 426178,
 426187,
 426247,
 426274,
 426427,
 426472,
 426718,
 426724,
 426742,
 426778,
 426781,
 426787,
 426817,
 426871,
 426877,
 427168,
 427186,
 427238,
 427246,
 427264,
 427283,
 427328,
 427344,
 427382,
 427426,
 427434,
 427443,
 427462,
 427618,
 427624,
 427642,
 427678,
 427681,
 427687,
 427768,
 427786,
 427816,
 427823,
 427832,
 427861,
 427867,
 427876,
 428167,
 428176,
 428237,
 428273,
 428327,
 428372,
 428617,
 428671,
 428677,
 428716,
 428723,
 428732,
 428761,
 428767,
 428776,
 431478,
 431487,
 431748,
 431784,
 431847,
 431874,
 432278,
 432287,
 432447,
 432474,
 432728,
 432744,
 432782,
 432827,
 432872,
 433999,
 434178,
 434187,
 434247,
 434274,
 434427,
 434472,
 434718,
 434724,
 434742,
 434778,
 434781,
 434787,
 434817,
 434871,
 434877,
 437148,
 437184,
 437228,
 437244,
 437282,
 437418,
 437424,
 437442,
 437478,
 437481,
 437487,
 437748,
 437784,
 437814,
 437822,
 437841,
 437847,
 437874,
 438147,
 438174,
 438227,
 438272,
 438417,
 438471,
 438477,
 438714,
 438722,
 438741,
 438747,
 438774,
 439399,
 439939,
 439993,
 441378,
 441387,
 441467,
 441476,
 441647,
 441674,
 441738,
 441746,
 441764,
 441783,
 441837,
 441873,
 442267,
 442276,
 442347,
 442374,
 442437,
 442473,
 442627,
 442672,
 442726,
 442734,
 442743,
 442762,
 443178,
 443187,
 443247,
 443274,
 443427,
 443472,
 443718,
 443724,
 443742,
 443778,
 443781,
 443787,
 443817,
 443871,
 443877,
 444167,
 444176,
 444237,
 444273,
 444327,
 444372,
 444617,
 444671,
 444677,
 444716,
 444723,
 444732,
 444761,
 444767,
 444776,
 446147,
 446174,
 446227,
 446272,
 446417,
 446471,
 446477,
 446714,
 446722,
 446741,
 446747,
 446774,
 447138,
 447146,
 447164,
 447183,
 447226,
 447234,
 447243,
 447262,
 447318,
 447324,
 447342,
 447378,
 447381,
 447387,
 447416,
 447423,
 447432,
 447461,
 447467,
 447476,
 447614,
 447622,
 447641,
 447647,
 447674,
 447738,
 447746,
 447764,
 447783,
 447813,
 447831,
 447837,
 447873,
 448137,
 448173,
 448317,
 448371,
 448377,
 448713,
 448731,
 448737,
 448773,
 461278,
 461287,
 461447,
 461474,
 461728,
 461744,
 461782,
 461827,
 461872,
 462178,
 462187,
 462247,
 462274,
 462427,
 462472,
 462718,
 462724,
 462742,
 462778,
 462781,
 462787,
 462817,
 462871,
 462877,
 464147,
 464174,
 464227,
 464272,
 464417,
 464471,
 464477,
 464714,
 464722,
 464741,
 464747,
 464774,
 467128,
 467144,
 467182,
 467218,
 467224,
 467242,
 467278,
 467281,
 467287,
 467414,
 467422,
 467441,
 467447,
 467474,
 467728,
 467744,
 467782,
 467812,
 467821,
 467827,
 467872,
 468127,
 468172,
 468217,
 468271,
 468277,
 468712,
 468721,
 468727,
 468772,
 471268,
 471286,
 471348,
 471384,
 471438,
 471446,
 471464,
 471483,
 471628,
 471644,
 471682,
 471826,
 471834,
 471843,
 471862,
 472168,
 472186,
 472238,
 472246,
 472264,
 472283,
 472328,
 472344,
 472382,
 472426,
 472434,
 472443,
 472462,
 472618,
 472624,
 472642,
 472678,
 472681,
 472687,
 472768,
 472786,
 472816,
 472823,
 472832,
 472861,
 472867,
 472876,
 473148,
 473184,
 473228,
 473244,
 473282,
 473418,
 473424,
 473442,
 473478,
 473481,
 473487,
 473748,
 473784,
 473814,
 473822,
 473841,
 473847,
 473874,
 474138,
 474146,
 474164,
 474183,
 474226,
 474234,
 474243,
 474262,
 474318,
 474324,
 474342,
 474378,
 474381,
 474387,
 474416,
 474423,
 474432,
 474461,
 474467,
 474476,
 474614,
 474622,
 474641,
 474647,
 474674,
 474738,
 474746,
 474764,
 474783,
 474813,
 474831,
 474837,
 474873,
 476128,
 476144,
 476182,
 476218,
 476224,
 476242,
 476278,
 476281,
 476287,
 476414,
 476422,
 476441,
 476447,
 476474,
 476728,
 476744,
 476782,
 476812,
 476821,
 476827,
 476872,
 477268,
 477286,
 477348,
 477384,
 477438,
 477446,
 477464,
 477483,
 477628,
 477644,
 477682,
 477789,
 477798,
 477826,
 477834,
 477843,
 477862,
 477879,
 477897,
 477978,
 477987,
 478126,
 478134,
 478143,
 478162,
 478216,
 478223,
 478232,
 478261,
 478267,
 478276,
 478314,
 478322,
 478341,
 478347,
 478374,
 478413,
 478431,
 478437,
 478473,
 478612,
 478621,
 478627,
 478672,
 478726,
 478734,
 478743,
 478762,
 478779,
 478797,
 478977,
 479778,
 479787,
 479877,
 481267,
 481276,
 481347,
 481374,
 481437,
 481473,
 481627,
 481672,
 481726,
 481734,
 481743,
 481762,
 482167,
 482176,
 482237,
 482273,
 482327,
 482372,
 482617,
 482671,
 482677,
 482716,
 482723,
 482732,
 482761,
 482767,
 482776,
 483147,
 483174,
 483227,
 483272,
 483417,
 483471,
 483477,
 483714,
 483722,
 483741,
 483747,
 483774,
 484137,
 484173,
 484317,
 484371,
 484377,
 484713,
 484731,
 484737,
 484773,
 486127,
 486172,
 486217,
 486271,
 486277,
 486712,
 486721,
 486727,
 486772,
 487126,
 487134,
 487143,
 487162,
 487216,
 487223,
 487232,
 487261,
 487267,
 487276,
 487314,
 487322,
 487341,
 487347,
 487374,
 487413,
 487431,
 487437,
 487473,
 487612,
 487621,
 487627,
 487672,
 487726,
 487734,
 487743,
 487762,
 487779,
 487797,
 487977,
 489777,
 491999,
 493399,
 493939,
 493993,
 497778,
 497787,
 497877,
 498777,
 499199,
 499339,
 499393,
 499919,
 499933,
 499991,
 611788,
 611878,
 611887,
 612478,
 612487,
 612748,
 612784,
 612847,
 612874,
 614278,
 614287,
 614447,
 614474,
 614728,
 614744,
 614782,
 614827,
 614872,
 616999,
 617188,
 617248,
 617284,
 617428,
 617444,
 617482,
 617788,
 617818,
 617824,
 617842,
 617878,
 617881,
 617887,
 618178,
 618187,
 618247,
 618274,
 618427,
 618472,
 618718,
 618724,
 618742,
 618778,
 618781,
 618787,
 618817,
 618871,
 618877,
 619699,
 619969,
 619996,
 621478,
 621487,
 621748,
 621784,
 621847,
 621874,
 622278,
 622287,
 622447,
 622474,
 622728,
 622744,
 622782,
 622827,
 622872,
 623999,
 624178,
 624187,
 624247,
 624274,
 624427,
 624472,
 624718,
 624724,
 624742,
 624778,
 624781,
 624787,
 624817,
 624871,
 624877,
 627148,
 627184,
 627228,
 627244,
 627282,
 627418,
 627424,
 627442,
 627478,
 627481,
 627487,
 627748,
 627784,
 627814,
 627822,
 627841,
 627847,
 627874,
 628147,
 628174,
 628227,
 628272,
 628417,
 628471,
 628477,
 628714,
 628722,
 628741,
 628747,
 628774,
 629399,
 629939,
 629993,
 632999,
 633699,
 633969,
 633996,
 636399,
 636939,
 636993,
 639299,
 639369,
 639396,
 639639,
 639693,
 639929,
 639936,
 639963,
 639992,
 641278,
 641287,
 641447,
 641474,
 641728,
 641744,
 641782,
 641827,
 641872,
 642178,
 642187,
 642247,
 642274,
 642427,
 642472,
 642718,
 642724,
 642742,
 642778,
 642781,
 642787,
 642817,
 642871,
 642877,
 644147,
 644174,
 644227,
 644272,
 644417,
 644471,
 644477,
 644714,
 644722,
 644741,
 644747,
 644774,
 647128,
 647144,
 647182,
 647218,
 647224,
 647242,
 647278,
 647281,
 647287,
 647414,
 647422,
 647441,
 647447,
 647474,
 647728,
 647744,
 647782,
 647812,
 647821,
 647827,
 647872,
 648127,
 648172,
 648217,
 648271,
 648277,
 648712,
 648721,
 648727,
 648772,
 661999,
 663399,
 663939,
 663993,
 667778,
 667787,
 667877,
 668777,
 669199,
 669339,
 669393,
 669919,
 669933,
 669991,
 671188,
 671248,
 671284,
 671428,
 671444,
 671482,
 671788,
 671818,
 671824,
 671842,
 671878,
 671881,
 671887,
 672148,
 672184,
 672228,
 672244,
 672282,
 672418,
 672424,
 672442,
 672478,
 672481,
 672487,
 672748,
 672784,
 672814,
 672822,
 672841,
 672847,
 672874,
 674128,
 674144,
 674182,
 674218,
 674224,
 674242,
 674278,
 674281,
 674287,
 674414,
 674422,
 674441,
 674447,
 674474,
 674728,
 674744,
 674782,
 674812,
 674821,
 674827,
 674872,
 676778,
 676787,
 676877,
 677188,
 677248,
 677284,
 677428,
 677444,
 677482,
 677678,
 677687,
 677768,
 677786,
 677818,
 677824,
 677842,
 677867,
 677876,
 677881,
 678118,
 678124,
 678142,
 678178,
 678181,
 678187,
 678214,
 678222,
 678241,
 678247,
 678274,
 678412,
 678421,
 678427,
 678472,
 678677,
 678718,
 678724,
 678742,
 678767,
 678776,
 678781,
 678811,
 678817,
 678871,
 681178,
 681187,
 681247,
 681274,
 681427,
 681472,
 681718,
 681724,
 681742,
 681778,
 681781,
 681787,
 681817,
 681871,
 681877,
 682147,
 682174,
 682227,
 682272,
 682417,
 682471,
 682477,
 682714,
 682722,
 682741,
 682747,
 682774,
 684127,
 684172,
 684217,
 684271,
 684277,
 684712,
 684721,
 684727,
 684772,
 686777,
 687118,
 687124,
 687142,
 687178,
 687181,
 687187,
 687214,
 687222,
 687241,
 687247,
 687274,
 687412,
 687421,
 687427,
 687472,
 687677,
 687718,
 687724,
 687742,
 687767,
 687776,
 687781,
 687811,
 687817,
 687871,
 688117,
 688171,
 688177,
 688711,
 688717,
 688771,
 691699,
 691969,
 691996,
 692399,
 692939,
 692993,
 693299,
 693369,
 693396,
 693639,
 693693,
 693929,
 693936,
 693963,
 693992,
 696199,
 696339,
 696393,
 696919,
 696933,
 696991,
 699169,
 699196,
 699239,
 699293,
 699329,
 699336,
 699363,
 699392,
 699619,
 699633,
 699691,
 699916,
 699923,
 699932,
 699961,
 711688,
 711868,
 711886,
 712388,
 712468,
 712486,
 712648,
 712684,
 712838,
 712846,
 712864,
 712883,
 713288,
 713448,
 713484,
 713828,
 713844,
 713882,
 714268,
 714286,
 714348,
 714384,
 714438,
 714446,
 714464,
 714483,
 714628,
 714644,
 714682,
 714826,
 714834,
 714843,
 714862,
 716188,
 716248,
 716284,
 716428,
 716444,
 716482,
 716788,
 716818,
 716824,
 716842,
 716878,
 716881,
 716887,
 717688,
 717868,
 717886,
 718168,
 718186,
 718238,
 718246,
 718264,
 718283,
 718328,
 718344,
 718382,
 718426,
 718434,
 718443,
 718462,
 718618,
 718624,
 718642,
 718678,
 718681,
 718687,
 718768,
 718786,
 718816,
 718823,
 718832,
 718861,
 718867,
 718876,
 721388,
 721468,
 721486,
 721648,
 721684,
 721838,
 721846,
 721864,
 721883,
 722268,
 722286,
 722348,
 722384,
 722438,
 722446,
 722464,
 722483,
 722628,
 722644,
 722682,
 722826,
 722834,
 722843,
 722862,
 723188,
 723248,
 723284,
 723428,
 723444,
 723482,
 723788,
 723818,
 723824,
 723842,
 723878,
 723881,
 723887,
 724168,
 724186,
 724238,
 724246,
 724264,
 724283,
 724328,
 724344,
 724382,
 724426,
 724434,
 724443,
 724462,
 724618,
 724624,
 724642,
 724678,
 724681,
 724687,
 724768,
 724786,
 724816,
 724823,
 724832,
 724861,
 724867,
 724876,
 726148,
 726184,
 726228,
 726244,
 726282,
 726418,
 726424,
 726442,
 726478,
 726481,
 726487,
 726748,
 726784,
 726814,
 726822,
 726841,
 726847,
 726874,
 727388,
 727468,
 727486,
 727648,
 727684,
 727838,
 727846,
 727864,
 727883,
 728138,
 728146,
 728164,
 728183,
 728226,
 728234,
 728243,
 728262,
 728318,
 728324,
 728342,
 728378,
 728381,
 728387,
 728416,
 728423,
 728432,
 728461,
 728467,
 728476,
 728614,
 728622,
 728641,
 728647,
 728674,
 728738,
 728746,
 728764,
 728783,
 728813,
 728831,
 728837,
 728873,
 731288,
 731448,
 731484,
 731828,
 731844,
 731882,
 732188,
 732248,
 732284,
 732428,
 732444,
 732482,
 732788,
 732818,
 732824,
 732842,
 732878,
 732881,
 732887,
 734148,
 734184,
 734228,
 734244,
 734282,
 734418,
 734424,
 734442,
 734478,
 734481,
 734487,
 734748,
 734784,
 734814,
 734822,
 734841,
 734847,
 734874,
 737288,
 737448,
 737484,
 737828,
 737844,
 737882,
 738128,
 738144,
 738182,
 738218,
 738224,
 738242,
 738278,
 738281,
 738287,
 738414,
 738422,
 738441,
 738447,
 738474,
 738728,
 738744,
 738782,
 738812,
 738821,
 738827,
 738872,
 741268,
 741286,
 741348,
 741384,
 741438,
 741446,
 741464,
 741483,
 741628,
 741644,
 741682,
 741826,
 741834,
 741843,
 741862,
 742168,
 742186,
 742238,
 742246,
 742264,
 742283,
 742328,
 742344,
 742382,
 742426,
 742434,
 742443,
 742462,
 742618,
 742624,
 742642,
 742678,
 742681,
 742687,
 742768,
 742786,
 742816,
 742823,
 742832,
 742861,
 742867,
 742876,
 743148,
 743184,
 743228,
 743244,
 743282,
 743418,
 743424,
 743442,
 743478,
 743481,
 743487,
 743748,
 743784,
 743814,
 743822,
 743841,
 743847,
 743874,
 744138,
 744146,
 744164,
 744183,
 744226,
 744234,
 744243,
 744262,
 744318,
 744324,
 744342,
 744378,
 744381,
 744387,
 744416,
 744423,
 744432,
 744461,
 744467,
 744476,
 744614,
 744622,
 744641,
 744647,
 744674,
 744738,
 744746,
 744764,
 744783,
 744813,
 744831,
 744837,
 744873,
 746128,
 746144,
 746182,
 746218,
 746224,
 746242,
 746278,
 746281,
 746287,
 746414,
 746422,
 746441,
 746447,
 746474,
 746728,
 746744,
 746782,
 746812,
 746821,
 746827,
 746872,
 747268,
 747286,
 747348,
 747384,
 747438,
 747446,
 747464,
 747483,
 747628,
 747644,
 747682,
 747789,
 747798,
 747826,
 747834,
 747843,
 747862,
 747879,
 747897,
 747978,
 747987,
 748126,
 748134,
 748143,
 748162,
 748216,
 748223,
 748232,
 748261,
 748267,
 748276,
 748314,
 748322,
 748341,
 748347,
 748374,
 748413,
 748431,
 748437,
 748473,
 748612,
 748621,
 748627,
 748672,
 748726,
 748734,
 748743,
 748762,
 748779,
 748797,
 748977,
 749778,
 749787,
 749877,
 761188,
 761248,
 761284,
 761428,
 761444,
 761482,
 761788,
 761818,
 761824,
 761842,
 761878,
 761881,
 761887,
 762148,
 762184,
 762228,
 762244,
 762282,
 762418,
 762424,
 762442,
 762478,
 762481,
 762487,
 762748,
 762784,
 762814,
 762822,
 762841,
 762847,
 762874,
 764128,
 764144,
 764182,
 764218,
 764224,
 764242,
 764278,
 764281,
 764287,
 764414,
 764422,
 764441,
 764447,
 764474,
 764728,
 764744,
 764782,
 764812,
 764821,
 764827,
 764872,
 766778,
 766787,
 766877,
 767188,
 767248,
 767284,
 767428,
 767444,
 767482,
 767678,
 767687,
 767768,
 767786,
 767818,
 767824,
 767842,
 767867,
 767876,
 767881,
 768118,
 768124,
 768142,
 768178,
 768181,
 768187,
 768214,
 768222,
 768241,
 768247,
 768274,
 768412,
 768421,
 768427,
 768472,
 768677,
 768718,
 768724,
 768742,
 768767,
 768776,
 768781,
 768811,
 768817,
 768871,
 771688,
 771868,
 771886,
 772388,
 772468,
 772486,
 772648,
 772684,
 772838,
 772846,
 772864,
 772883,
 773288,
 773448,
 773484,
 773828,
 773844,
 773882,
 774268,
 774286,
 774348,
 774384,
 774438,
 774446,
 774464,
 774483,
 774628,
 774644,
 774682,
 774789,
 774798,
 774826,
 774834,
 774843,
 774862,
 774879,
 774897,
 774978,
 774987,
 776188,
 776248,
 776284,
 776428,
 776444,
 776482,
 776678,
 776687,
 776768,
 776786,
 776818,
 776824,
 776842,
 776867,
 776876,
 776881,
 777489,
 777498,
 777668,
 777686,
 777849,
 777866,
 777894,
 777899,
 777948,
 777984,
 777989,
 777998,
 778168,
 778186,
 778238,
 778246,
 778264,
 778283,
 778328,
 778344,
 778382,
 778426,
 778434,
 778443,
 778462,
 778479,
 778497,
 778618,
 778624,
 778642,
 778667,
 778676,
 778681,
 778749,
 778766,
 778794,
 778799,
 778816,
 778823,
 778832,
 778861,
 778947,
 778974,
 778979,
 778997,
 779478,
 779487,
 779748,
 779784,
 779789,
 779798,
 779847,
 779874,
 779879,
 779897,
 779978,
 779987,
 781168,
 781186,
 781238,
 781246,
 781264,
 781283,
 781328,
 781344,
 781382,
 781426,
 781434,
 781443,
 781462,
 781618,
 781624,
 781642,
 781678,
 781681,
 781687,
 781768,
 781786,
 781816,
 781823,
 781832,
 781861,
 781867,
 781876,
 782138,
 782146,
 782164,
 782183,
 782226,
 782234,
 782243,
 782262,
 782318,
 782324,
 782342,
 782378,
 782381,
 782387,
 782416,
 782423,
 782432,
 782461,
 782467,
 782476,
 782614,
 782622,
 782641,
 782647,
 782674,
 782738,
 782746,
 782764,
 782783,
 782813,
 782831,
 782837,
 782873,
 783128,
 783144,
 783182,
 783218,
 783224,
 783242,
 783278,
 783281,
 783287,
 783414,
 783422,
 783441,
 783447,
 783474,
 783728,
 783744,
 783782,
 783812,
 783821,
 783827,
 783872,
 784126,
 784134,
 784143,
 784162,
 784216,
 784223,
 784232,
 784261,
 784267,
 784276,
 784314,
 784322,
 784341,
 784347,
 784374,
 784413,
 784431,
 784437,
 784473,
 784612,
 784621,
 784627,
 784672,
 784726,
 784734,
 784743,
 784762,
 784779,
 784797,
 784977,
 786118,
 786124,
 786142,
 786178,
 786181,
 786187,
 786214,
 786222,
 786241,
 786247,
 786274,
 786412,
 786421,
 786427,
 786472,
 786677,
 786718,
 786724,
 786742,
 786767,
 786776,
 786781,
 786811,
 786817,
 786871,
 787168,
 787186,
 787238,
 787246,
 787264,
 787283,
 787328,
 787344,
 787382,
 787426,
 787434,
 787443,
 787462,
 787479,
 787497,
 787618,
 787624,
 787642,
 787667,
 787676,
 787681,
 787749,
 787766,
 787794,
 787799,
 787816,
 787823,
 787832,
 787861,
 787947,
 787974,
 787979,
 787997,
 788116,
 788123,
 788132,
 788161,
 788167,
 788176,
 788213,
 788231,
 788237,
 788273,
 788312,
 788321,
 788327,
 788372,
 788611,
 788617,
 788671,
 788716,
 788723,
 788732,
 788761,
 789477,
 789747,
 789774,
 789779,
 789797,
 789977,
 794778,
 794787,
 794877,
 797478,
 797487,
 797748,
 797784,
 797789,
 797798,
 797847,
 797874,
 797879,
 797897,
 797978,
 797987,
 798477,
 798747,
 798774,
 798779,
 798797,
 798977,
 799778,
 799787,
 799877,
 811678,
 811687,
 811768,
 811786,
 811867,
 811876,
 812378,
 812387,
 812467,
 812476,
 812647,
 812674,
 812738,
 812746,
 812764,
 812783,
 812837,
 812873,
 813278,
 813287,
 813447,
 813474,
 813728,
 813744,
 813782,
 813827,
 813872,
 814267,
 814276,
 814347,
 814374,
 814437,
 814473,
 814627,
 814672,
 814726,
 814734,
 814743,
 814762,
 816178,
 816187,
 816247,
 816274,
 816427,
 816472,
 816718,
 816724,
 816742,
 816778,
 816781,
 816787,
 816817,
 816871,
 816877,
 817168,
 817186,
 817238,
 817246,
 817264,
 817283,
 817328,
 817344,
 817382,
 817426,
 817434,
 817443,
 817462,
 817618,
 817624,
 817642,
 817678,
 817681,
 817687,
 817768,
 817786,
 817816,
 817823,
 817832,
 817861,
 817867,
 817876,
 818167,
 818176,
 818237,
 818273,
 818327,
 818372,
 818617,
 818671,
 818677,
 818716,
 818723,
 818732,
 818761,
 818767,
 818776,
 821378,
 821387,
 821467,
 821476,
 821647,
 821674,
 821738,
 821746,
 821764,
 821783,
 821837,
 821873,
 822267,
 822276,
 822347,
 822374,
 822437,
 822473,
 822627,
 822672,
 822726,
 822734,
 822743,
 822762,
 823178,
 823187,
 823247,
 823274,
 823427,
 823472,
 823718,
 823724,
 823742,
 823778,
 823781,
 823787,
 823817,
 823871,
 823877,
 824167,
 824176,
 824237,
 824273,
 824327,
 824372,
 824617,
 824671,
 824677,
 824716,
 824723,
 824732,
 824761,
 824767,
 824776,
 826147,
 826174,
 826227,
 826272,
 826417,
 826471,
 826477,
 826714,
 826722,
 826741,
 826747,
 826774,
 827138,
 827146,
 827164,
 827183,
 827226,
 827234,
 827243,
 827262,
 827318,
 827324,
 827342,
 827378,
 827381,
 827387,
 827416,
 827423,
 827432,
 827461,
 827467,
 827476,
 827614,
 827622,
 827641,
 827647,
 827674,
 827738,
 827746,
 827764,
 827783,
 827813,
 827831,
 827837,
 827873,
 828137,
 828173,
 828317,
 828371,
 828377,
 828713,
 828731,
 828737,
 828773,
 831278,
 831287,
 831447,
 831474,
 831728,
 831744,
 831782,
 831827,
 831872,
 832178,
 832187,
 832247,
 832274,
 832427,
 832472,
 832718,
 832724,
 832742,
 832778,
 832781,
 832787,
 832817,
 832871,
 832877,
 834147,
 834174,
 834227,
 834272,
 834417,
 834471,
 834477,
 834714,
 834722,
 834741,
 834747,
 834774,
 837128,
 837144,
 837182,
 837218,
 837224,
 837242,
 837278,
 837281,
 837287,
 837414,
 837422,
 837441,
 837447,
 837474,
 837728,
 837744,
 837782,
 837812,
 837821,
 837827,
 837872,
 838127,
 838172,
 838217,
 838271,
 838277,
 838712,
 838721,
 838727,
 838772,
 841267,
 841276,
 841347,
 841374,
 841437,
 841473,
 841627,
 841672,
 841726,
 841734,
 841743,
 841762,
 842167,
 842176,
 842237,
 842273,
 842327,
 842372,
 842617,
 842671,
 842677,
 842716,
 842723,
 842732,
 842761,
 842767,
 842776,
 843147,
 843174,
 843227,
 843272,
 843417,
 843471,
 843477,
 843714,
 843722,
 843741,
 843747,
 843774,
 844137,
 844173,
 844317,
 844371,
 844377,
 844713,
 844731,
 844737,
 844773,
 846127,
 846172,
 846217,
 846271,
 846277,
 846712,
 846721,
 846727,
 846772,
 847126,
 847134,
 847143,
 847162,
 847216,
 847223,
 847232,
 847261,
 847267,
 847276,
 847314,
 847322,
 847341,
 847347,
 847374,
 847413,
 847431,
 847437,
 847473,
 847612,
 847621,
 847627,
 847672,
 847726,
 847734,
 847743,
 847762,
 847779,
 847797,
 847977,
 849777,
 861178,
 861187,
 861247,
 861274,
 861427,
 861472,
 861718,
 861724,
 861742,
 861778,
 861781,
 861787,
 861817,
 861871,
 861877,
 862147,
 862174,
 862227,
 862272,
 862417,
 862471,
 862477,
 862714,
 862722,
 862741,
 862747,
 862774,
 864127,
 864172,
 864217,
 864271,
 864277,
 864712,
 864721,
 864727,
 864772,
 866777,
 867118,
 867124,
 867142,
 867178,
 867181,
 867187,
 867214,
 867222,
 867241,
 867247,
 867274,
 867412,
 867421,
 867427,
 867472,
 867677,
 867718,
 867724,
 867742,
 867767,
 867776,
 867781,
 867811,
 867817,
 867871,
 868117,
 868171,
 868177,
 868711,
 868717,
 868771,
 871168,
 871186,
 871238,
 871246,
 871264,
 871283,
 871328,
 871344,
 871382,
 871426,
 871434,
 871443,
 871462,
 871618,
 871624,
 871642,
 871678,
 871681,
 871687,
 871768,
 871786,
 871816,
 871823,
 871832,
 871861,
 871867,
 871876,
 872138,
 872146,
 872164,
 872183,
 872226,
 872234,
 872243,
 872262,
 872318,
 872324,
 872342,
 872378,
 872381,
 872387,
 872416,
 872423,
 872432,
 872461,
 872467,
 872476,
 872614,
 872622,
 872641,
 872647,
 872674,
 872738,
 872746,
 872764,
 872783,
 872813,
 872831,
 872837,
 872873,
 873128,
 873144,
 873182,
 873218,
 873224,
 873242,
 873278,
 873281,
 873287,
 873414,
 873422,
 873441,
 873447,
 873474,
 873728,
 873744,
 873782,
 873812,
 873821,
 873827,
 873872,
 874126,
 874134,
 874143,
 874162,
 874216,
 874223,
 874232,
 874261,
 874267,
 874276,
 874314,
 874322,
 874341,
 874347,
 874374,
 874413,
 874431,
 874437,
 874473,
 874612,
 874621,
 874627,
 874672,
 874726,
 874734,
 874743,
 874762,
 874779,
 874797,
 874977,
 876118,
 876124,
 876142,
 876178,
 876181,
 876187,
 876214,
 876222,
 876241,
 876247,
 876274,
 876412,
 876421,
 876427,
 876472,
 876677,
 876718,
 876724,
 876742,
 876767,
 876776,
 876781,
 876811,
 876817,
 876871,
 877168,
 877186,
 877238,
 877246,
 877264,
 877283,
 877328,
 877344,
 877382,
 877426,
 877434,
 877443,
 877462,
 877479,
 877497,
 877618,
 877624,
 877642,
 877667,
 877676,
 877681,
 877749,
 877766,
 877794,
 877799,
 877816,
 877823,
 877832,
 877861,
 877947,
 877974,
 877979,
 877997,
 878116,
 878123,
 878132,
 878161,
 878167,
 878176,
 878213,
 878231,
 878237,
 878273,
 878312,
 878321,
 878327,
 878372,
 878611,
 878617,
 878671,
 878716,
 878723,
 878732,
 878761,
 879477,
 879747,
 879774,
 879779,
 879797,
 879977,
 881167,
 881176,
 881237,
 881273,
 881327,
 881372,
 881617,
 881671,
 881677,
 881716,
 881723,
 881732,
 881761,
 881767,
 881776,
 882137,
 882173,
 882317,
 882371,
 882377,
 882713,
 882731,
 882737,
 882773,
 883127,
 883172,
 883217,
 883271,
 883277,
 883712,
 883721,
 883727,
 883772,
 886117,
 886171,
 886177,
 886711,
 886717,
 886771,
 887116,
 887123,
 887132,
 887161,
 887167,
 887176,
 887213,
 887231,
 887237,
 887273,
 887312,
 887321,
 887327,
 887372,
 887611,
 887617,
 887671,
 887716,
 887723,
 887732,
 887761,
 888888,
 888899,
 888989,
 888998,
 889889,
 889898,
 889988,
 894777,
 897477,
 897747,
 897774,
 897779,
 897797,
 897977,
 898889,
 898898,
 898988,
 899777,
 899888,
 914999,
 916699,
 916969,
 916996,
 919499,
 919669,
 919696,
 919949,
 919966,
 919994,
 922999,
 923699,
 923969,
 923996,
 926399,
 926939,
 926993,
 929299,
 929369,
 929396,
 929639,
 929693,
 929929,
 929936,
 929963,
 929992,
 932699,
 932969,
 932996,
 933499,
 933669,
 933696,
 933949,
 933966,
 933994,
 934399,
 934939,
 934993,
 936299,
 936369,
 936396,
 936639,
 936693,
 936929,
 936936,
 936963,
 936992,
 939269,
 939296,
 939349,
 939366,
 939394,
 939439,
 939493,
 939629,
 939636,
 939663,
 939692,
 939926,
 939934,
 939943,
 939962,
 941999,
 943399,
 943939,
 943993,
 947778,
 947787,
 947877,
 948777,
 949199,
 949339,
 949393,
 949919,
 949933,
 949991,
 961699,
 961969,
 961996,
 962399,
 962939,
 962993,
 963299,
 963369,
 963396,
 963639,
 963693,
 963929,
 963936,
 963963,
 963992,
 966199,
 966339,
 966393,
 966919,
 966933,
 966991,
 969169,
 969196,
 969239,
 969293,
 969329,
 969336,
 969363,
 969392,
 969619,
 969633,
 969691,
 969916,
 969923,
 969932,
 969961,
 974778,
 974787,
 974877,
 977478,
 977487,
 977748,
 977784,
 977789,
 977798,
 977847,
 977874,
 977879,
 977897,
 977978,
 977987,
 978477,
 978747,
 978774,
 978779,
 978797,
 978977,
 979778,
 979787,
 979877,
 984777,
 987477,
 987747,
 987774,
 987779,
 987797,
 987977,
 988889,
 988898,
 988988,
 989777,
 989888,
 991499,
 991669,
 991696,
 991949,
 991966,
 991994,
 992299,
 992369,
 992396,
 992639,
 992693,
 992929,
 992936,
 992963,
 992992,
 993269,
 993296,
 993349,
 993366,
 993394,
 993439,
 993493,
 993629,
 993636,
 993663,
 993692,
 993926,
 993934,
 993943,
 993962,
 994199,
 994339,
 994393,
 994919,
 994933,
 994991,
 996169,
 996196,
 996239,
 996293,
 996329,
 996336,
 996363,
 996392,
 996619,
 996633,
 996691,
 996916,
 996923,
 996932,
 996961,
 997778,
 997787,
 997877,
 998777,
 998888,
 999149,
 999166,
 999194,
 999229,
 999236,
 999263,
 999292,
 999326,
 999334,
 999343,
 999362,
 999419,
 999433,
 999491,
 999616,
 999623,
 999632,
 999661,
 999914,
 999922,
 999941]
2383094065

65, 72